<?xml version="1.0" encoding="utf-8"?><testsuites name="pytest tests"><testsuite name="pytest" errors="0" failures="0" skipped="0" tests="25" time="0.892" timestamp="2026-09-20T07:04:20.081730+00:00" hostname="agent-env-16f02a4c-6244-4416-8786-dd55d49fd36d"><testcase classname="tests.backend_test.TestAuth" name="test_login_success" time="0.087" /><testcase classname="tests.backend_test.TestAuth" name="test_login_wrong_password" time="0.082" /><testcase classname="tests.backend_test.TestAuth" name="test_accounts_without_token" time="0.002" /><testcase classname="tests.backend_test.TestNewUserFlow" name="test_create_bank_account" time="0.137" /><testcase classname="tests.backend_test.TestNewUserFlow" name="test_opening_balance" time="0.014" /><testcase classname="tests.backend_test.TestNewUserFlow" name="test_create_rdn_account" time="0.009" /><testcase classname="tests.backend_test.TestNewUserFlow" name="test_transfer" time="0.012" /><testcase classname="tests.backend_test.TestNewUserFlow" name="test_balance_sheet_balanced" time="0.066" /><testcase classname="tests.backend_test.TestNewUserFlow" name="test_create_asset" time="0.009" /><testcase classname="tests.backend_test.TestNewUserFlow" name="test_buy_investment" time="0.012" /><testcase classname="tests.backend_test.TestNewUserFlow" name="test_portfolio_after_buy" time="0.007" /><testcase classname="tests.backend_test.TestNewUserFlow" name="test_sell_investment" time="0.078" /><testcase classname="tests.backend_test.TestNewUserFlow" name="test_lots_partial" time="0.008" /><testcase classname="tests.backend_test.TestNewUserFlow" name="test_sell_insufficient_stock" time="0.009" /><testcase classname="tests.backend_test.TestNewUserFlow" name="test_transfer_missing_destination" time="0.005" /><testcase classname="tests.backend_test.TestNewUserFlow" name="test_transaction_not_found" time="0.005" /><testcase classname="tests.backend_test.TestNewUserFlow" name="test_void_sell" time="0.080" /><testcase classname="tests.backend_test.TestDemoReports" name="test_endpoint[/api/dashboard]" time="0.081" /><testcase classname="tests.backend_test.TestDemoReports" name="test_endpoint[/api/reports/income-expense]" time="0.007" /><testcase classname="tests.backend_test.TestDemoReports" name="test_endpoint[/api/reports/cash-flow]" time="0.005" /><testcase classname="tests.backend_test.TestDemoReports" name="test_endpoint[/api/reports/net-worth]" time="0.005" /><testcase classname="tests.backend_test.TestDemoReports" name="test_endpoint[/api/bonds/coupons]" time="0.006" /><testcase classname="tests.backend_test.TestDemoReports" name="test_endpoint[/api/transactions?page=0&amp;size=5]" time="0.006" /><testcase classname="tests.backend_test.TestDemoReports" name="test_budgets_current_period" time="0.068" /><testcase classname="tests.backend_test.TestDemoReports" name="test_csv_export" time="0.008" /></testsuite></testsuites>